<?xml version="1.0" encoding="UTF-8"?>
<testng-results ignored="0" total="1" passed="1" failed="0" skipped="0">
  <reporter-output>
  </reporter-output>
  <suite started-at="2023-03-30T12:24:36 IST" name="Suite" finished-at="2023-03-30T12:25:58 IST" duration-ms="82486">
    <groups>
    </groups>
    <test started-at="2023-03-30T12:24:36 IST" name="Test" finished-at="2023-03-30T12:25:58 IST" duration-ms="82486">
      <class name="Pom.Actitime.Test.ActitimeLoginLogout">
        <test-method is-config="true" signature="executionStart()[pri:0, instance:Pom.Actitime.Test.ActitimeLoginLogout@4cc451f2]" started-at="2023-03-30T12:24:36 IST" name="executionStart" finished-at="2023-03-30T12:24:36 IST" duration-ms="27" status="PASS">
          <reporter-output>
          </reporter-output>
        </test-method> <!-- executionStart -->
        <test-method is-config="true" signature="setup()[pri:0, instance:Pom.Actitime.Test.ActitimeLoginLogout@4cc451f2]" started-at="2023-03-30T12:24:36 IST" name="setup" finished-at="2023-03-30T12:25:50 IST" duration-ms="74432" status="PASS">
          <reporter-output>
          </reporter-output>
        </test-method> <!-- setup -->
        <test-method signature="loginlogout()[pri:0, instance:Pom.Actitime.Test.ActitimeLoginLogout@4cc451f2]" started-at="2023-03-30T12:25:50 IST" name="loginlogout" finished-at="2023-03-30T12:25:58 IST" duration-ms="7979" status="PASS">
          <reporter-output>
          </reporter-output>
        </test-method> <!-- loginlogout -->
        <test-method is-config="true" signature="teardown()[pri:0, instance:Pom.Actitime.Test.ActitimeLoginLogout@4cc451f2]" started-at="2023-03-30T12:25:58 IST" name="teardown" finished-at="2023-03-30T12:25:58 IST" duration-ms="1" status="PASS">
          <reporter-output>
          </reporter-output>
        </test-method> <!-- teardown -->
        <test-method is-config="true" signature="executionComplete()[pri:0, instance:Pom.Actitime.Test.ActitimeLoginLogout@4cc451f2]" started-at="2023-03-30T12:25:58 IST" name="executionComplete" finished-at="2023-03-30T12:25:58 IST" duration-ms="0" status="PASS">
          <reporter-output>
          </reporter-output>
        </test-method> <!-- executionComplete -->
      </class> <!-- Pom.Actitime.Test.ActitimeLoginLogout -->
    </test> <!-- Test -->
  </suite> <!-- Suite -->
</testng-results>
